<?xml version="1.0" encoding="UTF-8"?>
<testsuite xmlns:xsi="http://www.w3.org/2001/XMLSchema-instance" xsi:noNamespaceSchemaLocation="https://maven.apache.org/surefire/maven-failsafe-plugin/xsd/failsafe-test-report.xsd" name="com.pe.bdd.runners.CucumberTestSuite" time="3.697" tests="2" errors="0" skipped="0" failures="0">
  <properties>
[...]
</properties>
  <testcase name="Realizar la crecion de una persona" classname="Funcionalidad gestion de persona" time="2.841"/>
  <testcase name="Actualizar la persona registrada" classname="Funcionalidad gestion de persona" time="0.165"/>
</testsuite>